<testsuite errors="0" timestamp="2022-03-03T15:58:17.441005" host="localhost" tests="1078" skipped="3" failures="0" time="0:01:56.065886"><testcase classname="spec.block_spec" name="Block Generator Module Block Devices /block-devices PUT it not allowed (405)" file="spec/block_spec.py" time="0.000881" /><testcase classname="spec.block_spec" name="Block Generator Module Block Devices /block-devices GET it success (200)" file="spec/block_spec.py" time="1.3e-05" /><testcase classname="spec.block_spec" name="Block Generator Module Block Devices /block-devices GET it has Content-Type: application/json header" file="spec/block_spec.py" time="2.8e-05" /><testcase classname="spec.block_spec" name="Block Generator Module Block Devices /block-devices GET it valid block device list" file="spec/block_spec.py" time="9.6e-05" /><testcase classname="spec.block_spec" name="Block Generator Module Block Devices /block-devices/{id} GET by existing ID it success (200)" file="spec/block_spec.py" time="1.3e-05" /><testcase classname="spec.block_spec" name="Block Generator Module Block Devices /block-devices/{id} GET by existing ID it has Content-Type: application/json header" file="spec/block_spec.py" time="2e-05" /><testcase classname="spec.block_spec" name="Block Generator Module Block Devices /block-devices/{id} GET by existing ID it valid block device" file="spec/block_spec.py" time="1.6e-05" /><testcase classname="spec.block_spec" name="Block Generator Module Block Devices /block-devices/{id} GET by non-existent ID it returns 404" file="spec/block_spec.py" time="0.000393" /><testcase classname="spec.block_spec" name="Block Generator Module Block Devices /block-devices/{id} GET invalid id, it returns 404" file="spec/block_spec.py" time="0.000369" /><testcase classname="spec.block_spec" name="Block Generator Module Block Files /block-files PUT it returns 405" file="spec/block_spec.py" time="0.00033" /><testcase classname="spec.block_spec" name="Block Generator Module Block Files /block-files POST with empty ID create block file it created (201)" file="spec/block_spec.py" time="1.6e-05" /><testcase classname="spec.block_spec" name="Block Generator Module Block Files /block-files POST with empty ID create block file it has valid Location header" file="spec/block_spec.py" time="2e-05" /><testcase classname="spec.block_spec" name="Block Generator Module Block Files /block-files POST with empty ID create block file it has Content-Type: application/json header" file="spec/block_spec.py" time="1.7e-05" /><testcase classname="spec.block_spec" name="Block Generator Module Block Files /block-files POST with empty ID create block file it valid block file" file="spec/block_spec.py" time="2.1e-05" /><testcase classname="spec.block_spec" name="Block Generator Module Block Files /block-files POST with empty ID create block file it has same config" file="spec/block_spec.py" time="1.4e-05" /><testcase classname="spec.block_spec" name="Block Generator Module Block Files /block-files POST with empty ID create block file it random ID assigned" file="spec/block_spec.py" time="1.1e-05" /><testcase classname="spec.block_spec" name="Block Generator Module Block Files /block-files POST with specified ID create block file it created (201)" file="spec/block_spec.py" time="1.3e-05" /><testcase classname="spec.block_spec" name="Block Generator Module Block Files /block-files POST with specified ID create block file it has valid Location header" file="spec/block_spec.py" time="1.7e-05" /><testcase classname="spec.block_spec" name="Block Generator Module Block Files /block-files POST with specified ID create block file it has Content-Type: application/json header" file="spec/block_spec.py" time="1.5e-05" /><testcase classname="spec.block_spec" name="Block Generator Module Block Files /block-files POST with specified ID create block file it valid block file" file="spec/block_spec.py" time="1.7e-05" /><testcase classname="spec.block_spec" name="Block Generator Module Block Files /block-files POST with specified ID create block file it has same config" file="spec/block_spec.py" time="1.2e-05" /><testcase classname="spec.block_spec" name="Block Generator Module Block Files /block-files POST invalid path it returns 400" file="spec/block_spec.py" time="0.000451" /><testcase classname="spec.block_spec" name="Block Generator Module Block Files /block-files GET it success (200)" file="spec/block_spec.py" time="1.1e-05" /><testcase classname="spec.block_spec" name="Block Generator Module Block Files /block-files GET it has Content-Type: application/json header" file="spec/block_spec.py" time="1.8e-05" /><testcase classname="spec.block_spec" name="Block Generator Module Block Files /block-files GET it return list" file="spec/block_spec.py" time="3.3e-05" /><testcase classname="spec.block_spec" name="Block Generator Module Block Files /block-files/{id} GET by existing ID it success (200)" file="spec/block_spec.py" time="1.4e-05" /><testcase classname="spec.block_spec" name="Block Generator Module Block Files /block-files/{id} GET by existing ID it has Content-Type: application/json header" file="spec/block_spec.py" time="1.6e-05" /><testcase classname="spec.block_spec" name="Block Generator Module Block Files /block-files/{id} GET by existing ID it valid block file" file="spec/block_spec.py" time="1.7e-05" /><testcase classname="spec.block_spec" name="Block Generator Module Block Files /block-files/{id} GET by non-existent ID it not found (404)" file="spec/block_spec.py" time="0.000379" /><testcase classname="spec.block_spec" name="Block Generator Module Block Files /block-files/{id} GET by invalid ID it bad request (400)" file="spec/block_spec.py" time="0.000354" /><testcase classname="spec.block_spec" name="Block Generator Module Block Files /block-files/{id} DELETE by existing ID it deleted (204)" file="spec/block_spec.py" time="0.004624" /><testcase classname="spec.block_spec" name="Block Generator Module Block Files /block-files/{id} DELETE by non-existent ID it not found (404)" file="spec/block_spec.py" time="0.000405" /><testcase classname="spec.block_spec" name="Block Generator Module Block Files /block-files/{id} DELETE by invalid ID it bad request (400)" file="spec/block_spec.py" time="0.000368" /><testcase classname="spec.block_spec" name="Block Generator Module Block Files bulk operations /block-files/x/bulk-create PUT it not allowed (405)" file="spec/block_spec.py" time="0.000328" /><testcase classname="spec.block_spec" name="Block Generator Module Block Files bulk operations /block-files/x/bulk-create POST with empty ID it success (200)" file="spec/block_spec.py" time="1.3e-05" /><testcase classname="spec.block_spec" name="Block Generator Module Block Files bulk operations /block-files/x/bulk-create POST with empty ID it has Content-Type: application/json header" file="spec/block_spec.py" time="1.7e-05" /><testcase classname="spec.block_spec" name="Block Generator Module Block Files bulk operations /block-files/x/bulk-create POST with empty ID it returned valid block files" file="spec/block_spec.py" time="3.5e-05" /><testcase classname="spec.block_spec" name="Block Generator Module Block Files bulk operations /block-files/x/bulk-create POST with empty ID it has same config" file="spec/block_spec.py" time="1.5e-05" /><testcase classname="spec.block_spec" name="Block Generator Module Block Files bulk operations /block-files/x/bulk-create POST with invalid ID it bad request (400)" file="spec/block_spec.py" time="0.006612" /><testcase classname="spec.block_spec" name="Block Generator Module Block Files bulk operations /block-files/x/bulk-create POST with invalid ID it nothing created" file="spec/block_spec.py" time="0.000353" /><testcase classname="spec.block_spec" name="Block Generator Module Block Files bulk operations /block-files/x/bulk-create POST with invalid path it bad request (400)" file="spec/block_spec.py" time="0.006483" /><testcase classname="spec.block_spec" name="Block Generator Module Block Files bulk operations /block-files/x/bulk-create POST with invalid path it nothing created" file="spec/block_spec.py" time="0.000351" /><testcase classname="spec.block_spec" name="Block Generator Module Block Files bulk operations /block-files/x/bulk-delete PUT it not allowed (405)" file="spec/block_spec.py" time="0.000349" /><testcase classname="spec.block_spec" name="Block Generator Module Block Files bulk operations /block-files/x/bulk-delete POST with existing IDs delete files it all exist" file="spec/block_spec.py" time="0.001156" /><testcase classname="spec.block_spec" name="Block Generator Module Block Files bulk operations /block-files/x/bulk-delete POST with existing IDs delete files it no content (204)" file="spec/block_spec.py" time="0.006854" /><testcase classname="spec.block_spec" name="Block Generator Module Block Files bulk operations /block-files/x/bulk-delete POST with existing IDs delete files it all deleted" file="spec/block_spec.py" time="0.001409" /><testcase classname="spec.block_spec" name="Block Generator Module Block Files bulk operations /block-files/x/bulk-delete POST with non-existent ID delete files it all exist" file="spec/block_spec.py" time="0.001188" /><testcase classname="spec.block_spec" name="Block Generator Module Block Files bulk operations /block-files/x/bulk-delete POST with non-existent ID delete files it no content (204)" file="spec/block_spec.py" time="0.00675" /><testcase classname="spec.block_spec" name="Block Generator Module Block Files bulk operations /block-files/x/bulk-delete POST with non-existent ID delete files it all deleted" file="spec/block_spec.py" time="0.001423" /><testcase classname="spec.block_spec" name="Block Generator Module Block Files bulk operations /block-files/x/bulk-delete POST with invalid ID delete files it all exist" file="spec/block_spec.py" time="0.00114" /><testcase classname="spec.block_spec" name="Block Generator Module Block Files bulk operations /block-files/x/bulk-delete POST with invalid ID delete files it no content (204)" file="spec/block_spec.py" time="0.006912" /><testcase classname="spec.block_spec" name="Block Generator Module Block Files bulk operations /block-files/x/bulk-delete POST with invalid ID delete files it all deleted" file="spec/block_spec.py" time="0.001456" /><testcase classname="spec.block_spec" name="Block Generator Module Block Generators /block-generators PUT it returns 405" file="spec/block_spec.py" time="0.000322" /><testcase classname="spec.block_spec" name="Block Generator Module Block Generators /block-generators POST witout ratio create generator it created (201)" file="spec/block_spec.py" time="2.3e-05" /><testcase classname="spec.block_spec" name="Block Generator Module Block Generators /block-generators POST witout ratio create generator it has valid Location header" file="spec/block_spec.py" time="3.2e-05" /><testcase classname="spec.block_spec" name="Block Generator Module Block Generators /block-generators POST witout ratio create generator it has Content-Type: application/json header" file="spec/block_spec.py" time="2.7e-05" /><testcase classname="spec.block_spec" name="Block Generator Module Block Generators /block-generators POST witout ratio create generator it returned valid generator" file="spec/block_spec.py" time="3.2e-05" /><testcase classname="spec.block_spec" name="Block Generator Module Block Generators /block-generators POST witout ratio create generator it has same config" file="spec/block_spec.py" time="2.1e-05" /><testcase classname="spec.block_spec" name="Block Generator Module Block Generators /block-generators POST witout ratio create generator it ratio is not set" file="spec/block_spec.py" time="1.7e-05" /><testcase classname="spec.block_spec" name="Block Generator Module Block Generators /block-generators POST with ratio create generator it created (201)" file="spec/block_spec.py" time="2.2e-05" /><testcase classname="spec.block_spec" name="Block Generator Module Block Generators /block-generators POST with ratio create generator it has valid Location header" file="spec/block_spec.py" time="3e-05" /><testcase classname="spec.block_spec" name="Block Generator Module Block Generators /block-generators POST with ratio create generator it has Content-Type: application/json header" file="spec/block_spec.py" time="2.6e-05" /><testcase classname="spec.block_spec" name="Block Generator Module Block Generators /block-generators POST with ratio create generator it returned valid generator" file="spec/block_spec.py" time="3.1e-05" /><testcase classname="spec.block_spec" name="Block Generator Module Block Generators /block-generators POST with ratio create generator it has same config" file="spec/block_spec.py" time="2.4e-05" /><testcase classname="spec.block_spec" name="Block Generator Module Block Generators /block-generators POST with ratio create generator it ratio configured" file="spec/block_spec.py" time="2.6e-05" /><testcase classname="spec.block_spec" name="Block Generator Module Block Generators /block-generators POST with invalid ID it bad request (400)" file="spec/block_spec.py" time="0.000659" /><testcase classname="spec.block_spec" name="Block Generator Module Block Generators /block-generators POST with invalid pattern it bad request (400)" file="spec/block_spec.py" time="0.000618" /><testcase classname="spec.block_spec" name="Block Generator Module Block Generators /block-generators POST with invalid resource ID it bad request (400)" file="spec/block_spec.py" time="0.000734" /><testcase classname="spec.block_spec" name="Block Generator Module Block Generators /block-generators POST with non-existent resource ID it bad request (400)" file="spec/block_spec.py" time="0.000725" /><testcase classname="spec.block_spec" name="Block Generator Module Block Generators /block-generators GET it success (200)" file="spec/block_spec.py" time="2e-05" /><testcase classname="spec.block_spec" name="Block Generator Module Block Generators /block-generators GET it has Content-Type: application/json header" file="spec/block_spec.py" time="2.8e-05" /><testcase classname="spec.block_spec" name="Block Generator Module Block Generators /block-generators GET it return valid list" file="spec/block_spec.py" time="6e-05" /><testcase classname="spec.block_spec" name="Block Generator Module Block Generators /block-generators/{id} GET by existing ID it success (200)" file="spec/block_spec.py" time="2.2e-05" /><testcase classname="spec.block_spec" name="Block Generator Module Block Generators /block-generators/{id} GET by existing ID it has Content-Type: application/json header" file="spec/block_spec.py" time="3.1e-05" /><testcase classname="spec.block_spec" name="Block Generator Module Block Generators /block-generators/{id} GET by existing ID it generator object" file="spec/block_spec.py" time="3.1e-05" /><testcase classname="spec.block_spec" name="Block Generator Module Block Generators /block-generators/{id} GET by non-existent ID it not found (404)" file="spec/block_spec.py" time="0.000644" /><testcase classname="spec.block_spec" name="Block Generator Module Block Generators /block-generators/{id} GET by invalid ID it bad request (400)" file="spec/block_spec.py" time="0.000606" /><testcase classname="spec.block_spec" name="Block Generator Module Block Generators /block-generators/{id} DELETE by existing ID not running generator it not running" file="spec/block_spec.py" time="0.000695" /><testcase classname="spec.block_spec" name="Block Generator Module Block Generators /block-generators/{id} DELETE by existing ID not running generator delete generator it deleted (204)" file="spec/block_spec.py" time="0.000826" /><testcase classname="spec.block_spec" name="Block Generator Module Block Generators /block-generators/{id} DELETE by existing ID not running generator delete generator it not found (404)" file="spec/block_spec.py" time="0.00063" /><testcase classname="spec.block_spec" name="Block Generator Module Block Generators /block-generators/{id} DELETE by existing ID running generator it running" file="spec/block_spec.py" time="0.000661" /><testcase classname="spec.block_spec" name="Block Generator Module Block Generators /block-generators/{id} DELETE by existing ID running generator delete generator it deleted (204)" file="spec/block_spec.py" time="1.000778" /><testcase classname="spec.block_spec" name="Block Generator Module Block Generators /block-generators/{id} DELETE by existing ID running generator delete generator it not found (404)" file="spec/block_spec.py" time="0.000917" /><testcase classname="spec.block_spec" name="Block Generator Module Block Generators /block-generators/{id} DELETE by non-existent ID it not found (404)" file="spec/block_spec.py" time="0.000851" /><testcase classname="spec.block_spec" name="Block Generator Module Block Generators /block-generators/{id} DELETE by invalid ID it bad request (400)" file="spec/block_spec.py" time="0.000791" /><testcase classname="spec.block_spec" name="Block Generator Module Block Generators /block-generators/{id}/start POST by existing ID start generator it is not running" file="spec/block_spec.py" time="2.7e-05" /><testcase classname="spec.block_spec" name="Block Generator Module Block Generators /block-generators/{id}/start POST by existing ID start generator it started (201)" file="spec/block_spec.py" time="1.9e-05" /><testcase classname="spec.block_spec" name="Block Generator Module Block Generators /block-generators/{id}/start POST by existing ID start generator it has valid Location header" file="spec/block_spec.py" time="3.7e-05" /><testcase classname="spec.block_spec" name="Block Generator Module Block Generators /block-generators/{id}/start POST by existing ID start generator it has Content-Type: application/json header" file="spec/block_spec.py" time="2.6e-05" /><testcase classname="spec.block_spec" name="Block Generator Module Block Generators /block-generators/{id}/start POST by existing ID start generator it returned valid result" file="spec/block_spec.py" time="6e-05" /><testcase classname="spec.block_spec" name="Block Generator Module Block Generators /block-generators/{id}/start POST by existing ID start generator it is running" file="spec/block_spec.py" time="0.000802" /><testcase classname="spec.block_spec" name="Block Generator Module Block Generators /block-generators/{id}/start POST by existing ID start generator already running generator it bad request (400)" file="spec/block_spec.py" time="0.000813" /><testcase classname="spec.block_spec" name="Block Generator Module Block Generators /block-generators/{id}/start POST by existing ID with Dynamic Results start generator it is not running" file="spec/block_spec.py" time="3.3e-05" /><testcase classname="spec.block_spec" name="Block Generator Module Block Generators /block-generators/{id}/start POST by existing ID with Dynamic Results start generator it started (201)" file="spec/block_spec.py" time="2e-05" /><testcase classname="spec.block_spec" name="Block Generator Module Block Generators /block-generators/{id}/start POST by existing ID with Dynamic Results start generator it has valid Location header" file="spec/block_spec.py" time="4e-05" /><testcase classname="spec.block_spec" name="Block Generator Module Block Generators /block-generators/{id}/start POST by existing ID with Dynamic Results start generator it has Content-Type: application/json header" file="spec/block_spec.py" time="2.8e-05" /><testcase classname="spec.block_spec" name="Block Generator Module Block Generators /block-generators/{id}/start POST by existing ID with Dynamic Results start generator it returned valid result" file="spec/block_spec.py" time="5.3e-05" /><testcase classname="spec.block_spec" name="Block Generator Module Block Generators /block-generators/{id}/start POST by existing ID with Dynamic Results start generator it is running" file="spec/block_spec.py" time="0.000948" /><testcase classname="spec.block_spec" name="Block Generator Module Block Generators /block-generators/{id}/start POST by existing ID with Dynamic Results start generator it has valid dynamic results" file="spec/block_spec.py" time="2.6e-05" /><testcase classname="spec.block_spec" name="Block Generator Module Block Generators /block-generators/{id}/start POST by non-existent ID it not found (404)" file="spec/block_spec.py" time="0.000842" /><testcase classname="spec.block_spec" name="Block Generator Module Block Generators /block-generators/{id}/start POST by invalid ID it bad request (400)" file="spec/block_spec.py" time="0.000703" /><testcase classname="spec.block_spec" name="Block Generator Module Block Generators /block-generators/{id}/stop POST by existing ID it is running" file="spec/block_spec.py" time="2.6e-05" /><testcase classname="spec.block_spec" name="Block Generator Module Block Generators /block-generators/{id}/stop POST by existing ID it stopped (204)" file="spec/block_spec.py" time="1.000921" /><testcase classname="spec.block_spec" name="Block Generator Module Block Generators /block-generators/{id}/stop POST by existing ID it is not running" file="spec/block_spec.py" time="0.001085" /><testcase classname="spec.block_spec" name="Block Generator Module Block Generators /block-generators/{id}/stop POST by existing ID already stopped generator it bad request (400)" file="spec/block_spec.py" time="0.000886" /><testcase classname="spec.block_spec" name="Block Generator Module Block Generators /block-generators/{id}/stop POST by non-existent ID it not found (404)" file="spec/block_spec.py" time="0.000732" /><testcase classname="spec.block_spec" name="Block Generator Module Block Generators /block-generators/{id}/stop POST by invalid ID it bad request (400)" file="spec/block_spec.py" time="0.000796" /><testcase classname="spec.block_spec" name="Block Generator Module Block Generator bulk operations /block-generators/x/bulk-create PUT it not allowed (405)" file="spec/block_spec.py" time="0.000714" /><testcase classname="spec.block_spec" name="Block Generator Module Block Generator bulk operations /block-generators/x/bulk-create POST it created (200)" file="spec/block_spec.py" time="3.2e-05" /><testcase classname="spec.block_spec" name="Block Generator Module Block Generator bulk operations /block-generators/x/bulk-create POST it has Content-Type: application/json header" file="spec/block_spec.py" time="3.7e-05" /><testcase classname="spec.block_spec" name="Block Generator Module Block Generator bulk operations /block-generators/x/bulk-create POST it returned valid generator list" file="spec/block_spec.py" time="6.8e-05" /><testcase classname="spec.block_spec" name="Block Generator Module Block Generator bulk operations /block-generators/x/bulk-create POST it has same config" file="spec/block_spec.py" time="3e-05" /><testcase classname="spec.block_spec" name="Block Generator Module Block Generator bulk operations /block-generators/x/bulk-delete PUT it not allowed (405)" file="spec/block_spec.py" time="0.000612" /><testcase classname="spec.block_spec" name="Block Generator Module Block Generator bulk operations /block-generators/x/bulk-delete POST with existing IDs delete generators it all exists" file="spec/block_spec.py" time="0.002375" /><testcase classname="spec.block_spec" name="Block Generator Module Block Generator bulk operations /block-generators/x/bulk-delete POST with existing IDs delete generators it no content (204)" file="spec/block_spec.py" time="0.001316" /><testcase classname="spec.block_spec" name="Block Generator Module Block Generator bulk operations /block-generators/x/bulk-delete POST with existing IDs delete generators it all deleted" file="spec/block_spec.py" time="0.001945" /><testcase classname="spec.block_spec" name="Block Generator Module Block Generator bulk operations /block-generators/x/bulk-delete POST with non-existent ID delete generators it all exists" file="spec/block_spec.py" time="0.002036" /><testcase classname="spec.block_spec" name="Block Generator Module Block Generator bulk operations /block-generators/x/bulk-delete POST with non-existent ID delete generators it no content (204)" file="spec/block_spec.py" time="0.001212" /><testcase classname="spec.block_spec" name="Block Generator Module Block Generator bulk operations /block-generators/x/bulk-delete POST with non-existent ID delete generators it all deleted" file="spec/block_spec.py" time="0.001802" /><testcase classname="spec.block_spec" name="Block Generator Module Block Generator bulk operations /block-generators/x/bulk-delete POST with invalid ID delete generators it all exists" file="spec/block_spec.py" time="0.001962" /><testcase classname="spec.block_spec" name="Block Generator Module Block Generator bulk operations /block-generators/x/bulk-delete POST with invalid ID delete generators it no content (204)" file="spec/block_spec.py" time="0.001176" /><testcase classname="spec.block_spec" name="Block Generator Module Block Generator bulk operations /block-generators/x/bulk-delete POST with invalid ID delete generators it all deleted" file="spec/block_spec.py" time="0.001775" /><testcase classname="spec.block_spec" name="Block Generator Module Block Generator bulk operations /block-generators/x/bulk-start PUT it not allowed (405)" file="spec/block_spec.py" time="0.000539" /><testcase classname="spec.block_spec" name="Block Generator Module Block Generator bulk operations /block-generators/x/bulk-start POST with existing IDs it is not running" file="spec/block_spec.py" time="2.5e-05" /><testcase classname="spec.block_spec" name="Block Generator Module Block Generator bulk operations /block-generators/x/bulk-start POST with existing IDs it success (200)" file="spec/block_spec.py" time="1.6e-05" /><testcase classname="spec.block_spec" name="Block Generator Module Block Generator bulk operations /block-generators/x/bulk-start POST with existing IDs it has Content-Type: application/json header" file="spec/block_spec.py" time="3.3e-05" /><testcase classname="spec.block_spec" name="Block Generator Module Block Generator bulk operations /block-generators/x/bulk-start POST with existing IDs it returned valid results" file="spec/block_spec.py" time="8.3e-05" /><testcase classname="spec.block_spec" name="Block Generator Module Block Generator bulk operations /block-generators/x/bulk-start POST with existing IDs it started" file="spec/block_spec.py" time="0.002071" /><testcase classname="spec.block_spec" name="Block Generator Module Block Generator bulk operations /block-generators/x/bulk-start POST with existing IDs already running generators it bad request (400)" file="spec/block_spec.py" time="0.000692" /><testcase classname="spec.block_spec" name="Block Generator Module Block Generator bulk operations /block-generators/x/bulk-start POST with existing IDs already running generators it state was not changed" file="spec/block_spec.py" time="0.001949" /><testcase classname="spec.block_spec" name="Block Generator Module Block Generator bulk operations /block-generators/x/bulk-start POST with non-existent ID it not found (404)" file="spec/block_spec.py" time="0.001081" /><testcase classname="spec.block_spec" name="Block Generator Module Block Generator bulk operations /block-generators/x/bulk-start POST with non-existent ID it state was not changed" file="spec/block_spec.py" time="0.002494" /><testcase classname="spec.block_spec" name="Block Generator Module Block Generator bulk operations /block-generators/x/bulk-start POST with non-existent ID it new results was not created" file="spec/block_spec.py" time="0.001608" /><testcase classname="spec.block_spec" name="Block Generator Module Block Generator bulk operations /block-generators/x/bulk-start POST by invalid ID it bad request (400)" file="spec/block_spec.py" time="0.000913" /><testcase classname="spec.block_spec" name="Block Generator Module Block Generator bulk operations /block-generators/x/bulk-start POST by invalid ID it state was not changed" file="spec/block_spec.py" time="0.002368" /><testcase classname="spec.block_spec" name="Block Generator Module Block Generator bulk operations /block-generators/x/bulk-start POST by invalid ID it new results was not created" file="spec/block_spec.py" time="0.001579" /><testcase classname="spec.block_spec" name="Block Generator Module Block Generator bulk operations /block-generators/x/bulk-stop PUT it not allowed (405)" file="spec/block_spec.py" time="0.000708" /><testcase classname="spec.block_spec" name="Block Generator Module Block Generator bulk operations /block-generators/x/bulk-stop POST with existing IDs stop generators it all running" file="spec/block_spec.py" time="0.002095" /><testcase classname="spec.block_spec" name="Block Generator Module Block Generator bulk operations /block-generators/x/bulk-stop POST with existing IDs stop generators it no content (204)" file="spec/block_spec.py" time="2.008798" /><testcase classname="spec.block_spec" name="Block Generator Module Block Generator bulk operations /block-generators/x/bulk-stop POST with existing IDs stop generators it all stopped" file="spec/block_spec.py" time="0.002952" /><testcase classname="spec.block_spec" name="Block Generator Module Block Generator bulk operations /block-generators/x/bulk-stop POST with existing IDs already stopped generators it no content (204)" file="spec/block_spec.py" time="0.000969" /><testcase classname="spec.block_spec" name="Block Generator Module Block Generator bulk operations /block-generators/x/bulk-stop POST with non-existent ID stop generators it all running" file="spec/block_spec.py" time="0.002263" /><testcase classname="spec.block_spec" name="Block Generator Module Block Generator bulk operations /block-generators/x/bulk-stop POST with non-existent ID stop generators it no content (204)" file="spec/block_spec.py" time="2.008209" /><testcase classname="spec.block_spec" name="Block Generator Module Block Generator bulk operations /block-generators/x/bulk-stop POST with non-existent ID stop generators it all stopped" file="spec/block_spec.py" time="0.002813" /><testcase classname="spec.block_spec" name="Block Generator Module Block Generator bulk operations /block-generators/x/bulk-stop POST with invalid ID stop generators it all running" file="spec/block_spec.py" time="0.002206" /><testcase classname="spec.block_spec" name="Block Generator Module Block Generator bulk operations /block-generators/x/bulk-stop POST with invalid ID stop generators it no content (204)" file="spec/block_spec.py" time="2.009077" /><testcase classname="spec.block_spec" name="Block Generator Module Block Generator bulk operations /block-generators/x/bulk-stop POST with invalid ID stop generators it all stopped" file="spec/block_spec.py" time="0.002699" /><testcase classname="spec.block_spec" name="Block Generator Module Block Generator Results /block-generator-resuls PUT it not allowed (405)" file="spec/block_spec.py" time="0.000894" /><testcase classname="spec.block_spec" name="Block Generator Module Block Generator Results /block-generator-resuls GET it success (200)" file="spec/block_spec.py" time="2e-05" /><testcase classname="spec.block_spec" name="Block Generator Module Block Generator Results /block-generator-resuls GET it has Content-Type: application/json header" file="spec/block_spec.py" time="3.5e-05" /><testcase classname="spec.block_spec" name="Block Generator Module Block Generator Results /block-generator-resuls GET it results list" file="spec/block_spec.py" time="8.6e-05" /><testcase classname="spec.block_spec" name="Block Generator Module Block Generator Results /block-generator-results/{id} GET by existing ID it success (200)" file="spec/block_spec.py" time="2.3e-05" /><testcase classname="spec.block_spec" name="Block Generator Module Block Generator Results /block-generator-results/{id} GET by existing ID it has Content-Type: application/json header" file="spec/block_spec.py" time="3.3e-05" /><testcase classname="spec.block_spec" name="Block Generator Module Block Generator Results /block-generator-results/{id} GET by existing ID it valid result" file="spec/block_spec.py" time="3.9e-05" /><testcase classname="spec.block_spec" name="Block Generator Module Block Generator Results /block-generator-results/{id} GET by non-existent ID it not found (404)" file="spec/block_spec.py" time="0.00082" /><testcase classname="spec.block_spec" name="Block Generator Module Block Generator Results /block-generator-results/{id} GET by invalid ID it bad request (400)" file="spec/block_spec.py" time="0.000789" /><testcase classname="spec.block_spec" name="Block Generator Module Block Generator Results /block-generator-results/{id} DELETE by existing ID active result it exists" file="spec/block_spec.py" time="5e-05" /><testcase classname="spec.block_spec" name="Block Generator Module Block Generator Results /block-generator-results/{id} DELETE by existing ID active result it active" file="spec/block_spec.py" time="1.8e-05" /><testcase classname="spec.block_spec" name="Block Generator Module Block Generator Results /block-generator-results/{id} DELETE by existing ID active result it bad request (400)" file="spec/block_spec.py" time="0.000773" /><testcase classname="spec.block_spec" name="Block Generator Module Block Generator Results /block-generator-results/{id} DELETE by existing ID active result it not deleted" file="spec/block_spec.py" time="0.001173" /><testcase classname="spec.block_spec" name="Block Generator Module Block Generator Results /block-generator-results/{id} DELETE by existing ID inactive result it exists" file="spec/block_spec.py" time="7e-05" /><testcase classname="spec.block_spec" name="Block Generator Module Block Generator Results /block-generator-results/{id} DELETE by existing ID inactive result it not active" file="spec/block_spec.py" time="1.8e-05" /><testcase classname="spec.block_spec" name="Block Generator Module Block Generator Results /block-generator-results/{id} DELETE by existing ID inactive result it deleted (204)" file="spec/block_spec.py" time="0.000858" /><testcase classname="spec.block_spec" name="Block Generator Module Block Generator Results /block-generator-results/{id} DELETE by existing ID inactive result it not found (404)" file="spec/block_spec.py" time="0.000872" /><testcase classname="spec.block_spec" name="Block Generator Module Block Generator Results /block-generator-results/{id} DELETE by non-existent ID it not found (404)" file="spec/block_spec.py" time="0.000806" /><testcase classname="spec.block_spec" name="Block Generator Module Block Generator Results /block-generator-results/{id} DELETE by invalid ID it bad request (400)" file="spec/block_spec.py" time="0.0007" /><testcase classname="spec.block_spec" name="Block Generator Module Block Generator Results delete results with generator it results exists" file="spec/block_spec.py" time="0.001954" /><testcase classname="spec.block_spec" name="Block Generator Module Block Generator Results delete results with generator it generator deleted" file="spec/block_spec.py" time="0.001144" /><testcase classname="spec.block_spec" name="Block Generator Module Block Generator Results delete results with generator it results deleted" file="spec/block_spec.py" time="0.000699" /><testcase classname="spec.cpu_spec" name="CPU Generator Module Information /cpu-info PUT it not allowed (405)" file="spec/cpu_spec.py" time="0.000744" /><testcase classname="spec.cpu_spec" name="CPU Generator Module Information /cpu-info GET it success (200)" file="spec/cpu_spec.py" time="1.1e-05" /><testcase classname="spec.cpu_spec" name="CPU Generator Module Information /cpu-info GET it has Content-Type: application/json header" file="spec/cpu_spec.py" time="2.9e-05" /><testcase classname="spec.cpu_spec" name="CPU Generator Module Information /cpu-info GET it valid cpu info" file="spec/cpu_spec.py" time="2.4e-05" /><testcase classname="spec.cpu_spec" name="CPU Generator Module CPU Generators /cpu-generators PUT it not allowed (405)" file="spec/cpu_spec.py" time="0.000386" /><testcase classname="spec.cpu_spec" name="CPU Generator Module CPU Generators /cpu-generators POST method cores with empty ID create generator it created (201)" file="spec/cpu_spec.py" time="1.6e-05" /><testcase classname="spec.cpu_spec" name="CPU Generator Module CPU Generators /cpu-generators POST method cores with empty ID create generator it has valid Location header" file="spec/cpu_spec.py" time="2.5e-05" /><testcase classname="spec.cpu_spec" name="CPU Generator Module CPU Generators /cpu-generators POST method cores with empty ID create generator it has Content-Type: application/json header" file="spec/cpu_spec.py" time="1.7e-05" /><testcase classname="spec.cpu_spec" name="CPU Generator Module CPU Generators /cpu-generators POST method cores with empty ID create generator it returned valid generator" file="spec/cpu_spec.py" time="3.9e-05" /><testcase classname="spec.cpu_spec" name="CPU Generator Module CPU Generators /cpu-generators POST method cores with empty ID create generator it has same config" file="spec/cpu_spec.py" time="1.8e-05" /><testcase classname="spec.cpu_spec" name="CPU Generator Module CPU Generators /cpu-generators POST method cores with empty ID create generator it random ID assigned" file="spec/cpu_spec.py" time="1.2e-05" /><testcase classname="spec.cpu_spec" name="CPU Generator Module CPU Generators /cpu-generators POST method cores with specified ID create generator it created (201)" file="spec/cpu_spec.py" time="1.3e-05" /><testcase classname="spec.cpu_spec" name="CPU Generator Module CPU Generators /cpu-generators POST method cores with specified ID create generator it has valid Location header" file="spec/cpu_spec.py" time="1.9e-05" /><testcase classname="spec.cpu_spec" name="CPU Generator Module CPU Generators /cpu-generators POST method cores with specified ID create generator it has Content-Type: application/json header" file="spec/cpu_spec.py" time="1.7e-05" /><testcase classname="spec.cpu_spec" name="CPU Generator Module CPU Generators /cpu-generators POST method cores with specified ID create generator it returned valid generator" file="spec/cpu_spec.py" time="3.2e-05" /><testcase classname="spec.cpu_spec" name="CPU Generator Module CPU Generators /cpu-generators POST method cores with specified ID create generator it has same config" file="spec/cpu_spec.py" time="1.4e-05" /><testcase classname="spec.cpu_spec" name="CPU Generator Module CPU Generators /cpu-generators POST method system with empty ID create generator it created (201)" file="spec/cpu_spec.py" time="1.4e-05" /><testcase classname="spec.cpu_spec" name="CPU Generator Module CPU Generators /cpu-generators POST method system with empty ID create generator it has valid Location header" file="spec/cpu_spec.py" time="1.9e-05" /><testcase classname="spec.cpu_spec" name="CPU Generator Module CPU Generators /cpu-generators POST method system with empty ID create generator it has Content-Type: application/json header" file="spec/cpu_spec.py" time="1.7e-05" /><testcase classname="spec.cpu_spec" name="CPU Generator Module CPU Generators /cpu-generators POST method system with empty ID create generator it returned valid generator" file="spec/cpu_spec.py" time="2.1e-05" /><testcase classname="spec.cpu_spec" name="CPU Generator Module CPU Generators /cpu-generators POST method system with empty ID create generator it has same config" file="spec/cpu_spec.py" time="2e-05" /><testcase classname="spec.cpu_spec" name="CPU Generator Module CPU Generators /cpu-generators POST method system with empty ID create generator it random ID assigned" file="spec/cpu_spec.py" time="1.2e-05" /><testcase classname="spec.cpu_spec" name="CPU Generator Module CPU Generators /cpu-generators POST method system with specified ID create generator it created (201)" file="spec/cpu_spec.py" time="1.2e-05" /><testcase classname="spec.cpu_spec" name="CPU Generator Module CPU Generators /cpu-generators POST method system with specified ID create generator it has valid Location header" file="spec/cpu_spec.py" time="1.9e-05" /><testcase classname="spec.cpu_spec" name="CPU Generator Module CPU Generators /cpu-generators POST method system with specified ID create generator it has Content-Type: application/json header" file="spec/cpu_spec.py" time="1.8e-05" /><testcase classname="spec.cpu_spec" name="CPU Generator Module CPU Generators /cpu-generators POST method system with specified ID create generator it returned valid generator" file="spec/cpu_spec.py" time="3e-05" /><testcase classname="spec.cpu_spec" name="CPU Generator Module CPU Generators /cpu-generators POST method system with specified ID create generator it has same config" file="spec/cpu_spec.py" time="1.4e-05" /><testcase classname="spec.cpu_spec" name="CPU Generator Module CPU Generators /cpu-generators GET it success (200)" file="spec/cpu_spec.py" time="1.1e-05" /><testcase classname="spec.cpu_spec" name="CPU Generator Module CPU Generators /cpu-generators GET it has Content-Type: application/json header" file="spec/cpu_spec.py" time="1.7e-05" /><testcase classname="spec.cpu_spec" name="CPU Generator Module CPU Generators /cpu-generators GET it return list" file="spec/cpu_spec.py" time="6e-05" /><testcase classname="spec.cpu_spec" name="CPU Generator Module CPU Generators /cpu-generators/{id} GET by existing ID it success (200)" file="spec/cpu_spec.py" time="1.2e-05" /><testcase classname="spec.cpu_spec" name="CPU Generator Module CPU Generators /cpu-generators/{id} GET by existing ID it has Content-Type: application/json header" file="spec/cpu_spec.py" time="1.9e-05" /><testcase classname="spec.cpu_spec" name="CPU Generator Module CPU Generators /cpu-generators/{id} GET by existing ID it generator object" file="spec/cpu_spec.py" time="2.8e-05" /><testcase classname="spec.cpu_spec" name="CPU Generator Module CPU Generators /cpu-generators/{id} GET by non-existent ID it not found (404)" file="spec/cpu_spec.py" time="0.000397" /><testcase classname="spec.cpu_spec" name="CPU Generator Module CPU Generators /cpu-generators/{id} GET by invalid ID it bad request (400)" file="spec/cpu_spec.py" time="0.000379" /><testcase classname="spec.cpu_spec" name="CPU Generator Module CPU Generators /cpu-generators/{id} DELETE by existing ID not running generator it not running" file="spec/cpu_spec.py" time="0.000448" /><testcase classname="spec.cpu_spec" name="CPU Generator Module CPU Generators /cpu-generators/{id} DELETE by existing ID not running generator delete generator it deleted (204)" file="spec/cpu_spec.py" time="0.000855" /><testcase classname="spec.cpu_spec" name="CPU Generator Module CPU Generators /cpu-generators/{id} DELETE by existing ID not running generator delete generator it not found (404)" file="spec/cpu_spec.py" time="0.000411" /><testcase classname="spec.cpu_spec" name="CPU Generator Module CPU Generators /cpu-generators/{id} DELETE by existing ID running generator it running" file="spec/cpu_spec.py" time="0.000463" /><testcase classname="spec.cpu_spec" name="CPU Generator Module CPU Generators /cpu-generators/{id} DELETE by existing ID running generator delete generator it deleted (204)" file="spec/cpu_spec.py" time="0.097162" /><testcase classname="spec.cpu_spec" name="CPU Generator Module CPU Generators /cpu-generators/{id} DELETE by existing ID running generator delete generator it not found (404)" file="spec/cpu_spec.py" time="0.000632" /><testcase classname="spec.cpu_spec" name="CPU Generator Module CPU Generators /cpu-generators/{id} DELETE by non-existent ID it not found (404)" file="spec/cpu_spec.py" time="0.00059" /><testcase classname="spec.cpu_spec" name="CPU Generator Module CPU Generators /cpu-generators/{id} DELETE by invalid ID it bad request (400)" file="spec/cpu_spec.py" time="0.00057" /><testcase classname="spec.cpu_spec" name="CPU Generator Module CPU Generators /cpu-generators/{id}/start POST by existing ID start generator it not running" file="spec/cpu_spec.py" time="2.1e-05" /><testcase classname="spec.cpu_spec" name="CPU Generator Module CPU Generators /cpu-generators/{id}/start POST by existing ID start generator it created (201)" file="spec/cpu_spec.py" time="1.8e-05" /><testcase classname="spec.cpu_spec" name="CPU Generator Module CPU Generators /cpu-generators/{id}/start POST by existing ID start generator it has valid Location header" file="spec/cpu_spec.py" time="3.1e-05" /><testcase classname="spec.cpu_spec" name="CPU Generator Module CPU Generators /cpu-generators/{id}/start POST by existing ID start generator it has Content-Type: application/json header" file="spec/cpu_spec.py" time="2.6e-05" /><testcase classname="spec.cpu_spec" name="CPU Generator Module CPU Generators /cpu-generators/{id}/start POST by existing ID start generator it returned valid result" file="spec/cpu_spec.py" time="0.00029" /><testcase classname="spec.cpu_spec" name="CPU Generator Module CPU Generators /cpu-generators/{id}/start POST by existing ID start generator it started" file="spec/cpu_spec.py" time="0.00074" /><testcase classname="spec.cpu_spec" name="CPU Generator Module CPU Generators /cpu-generators/{id}/start POST by existing ID start generator already running generator it bad request (400)" file="spec/cpu_spec.py" time="0.000652" /><testcase classname="spec.cpu_spec" name="CPU Generator Module CPU Generators /cpu-generators/{id}/start POST by existing ID with Dynamic Results start generator it not running" file="spec/cpu_spec.py" time="2.4e-05" /><testcase classname="spec.cpu_spec" name="CPU Generator Module CPU Generators /cpu-generators/{id}/start POST by existing ID with Dynamic Results start generator it created (201)" file="spec/cpu_spec.py" time="1.9e-05" /><testcase classname="spec.cpu_spec" name="CPU Generator Module CPU Generators /cpu-generators/{id}/start POST by existing ID with Dynamic Results start generator it has valid Location header" file="spec/cpu_spec.py" time="3.2e-05" /><testcase classname="spec.cpu_spec" name="CPU Generator Module CPU Generators /cpu-generators/{id}/start POST by existing ID with Dynamic Results start generator it has Content-Type: application/json header" file="spec/cpu_spec.py" time="2.7e-05" /><testcase classname="spec.cpu_spec" name="CPU Generator Module CPU Generators /cpu-generators/{id}/start POST by existing ID with Dynamic Results start generator it returned valid result" file="spec/cpu_spec.py" time="0.000277" /><testcase classname="spec.cpu_spec" name="CPU Generator Module CPU Generators /cpu-generators/{id}/start POST by existing ID with Dynamic Results start generator it started" file="spec/cpu_spec.py" time="0.000756" /><testcase classname="spec.cpu_spec" name="CPU Generator Module CPU Generators /cpu-generators/{id}/start POST by existing ID with Dynamic Results start generator it has valid dynamic results" file="spec/cpu_spec.py" time="2.8e-05" /><testcase classname="spec.cpu_spec" name="CPU Generator Module CPU Generators /cpu-generators/{id}/start POST by non-existent ID it not found (404)" file="spec/cpu_spec.py" time="0.000614" /><testcase classname="spec.cpu_spec" name="CPU Generator Module CPU Generators /cpu-generators/{id}/start POST by invalid ID it bad request (400)" file="spec/cpu_spec.py" time="0.000596" /><testcase classname="spec.cpu_spec" name="CPU Generator Module CPU Generators /cpu-generators/{id}/stop POST by existing ID it running" file="spec/cpu_spec.py" time="1.7e-05" /><testcase classname="spec.cpu_spec" name="CPU Generator Module CPU Generators /cpu-generators/{id}/stop POST by existing ID it no content (204)" file="spec/cpu_spec.py" time="0.095992" /><testcase classname="spec.cpu_spec" name="CPU Generator Module CPU Generators /cpu-generators/{id}/stop POST by existing ID it stopped" file="spec/cpu_spec.py" time="0.000737" /><testcase classname="spec.cpu_spec" name="CPU Generator Module CPU Generators /cpu-generators/{id}/stop POST by existing ID already stopped generator _it bad request (400)" file="spec/cpu_spec.py" time="0.0"><skipped /></testcase><testcase classname="spec.cpu_spec" name="CPU Generator Module CPU Generators /cpu-generators/{id}/stop POST by non-existent ID it not found (404)" file="spec/cpu_spec.py" time="0.000706" /><testcase classname="spec.cpu_spec" name="CPU Generator Module CPU Generators /cpu-generators/{id}/stop POST by invalid ID it bad request (400)" file="spec/cpu_spec.py" time="0.000585" /><testcase classname="spec.cpu_spec" name="CPU Generator Module CPU Generators bulk operations /cpu-generators/x/bulk-create PUT it not allowed (405)" file="spec/cpu_spec.py" time="0.000539" /><testcase classname="spec.cpu_spec" name="CPU Generator Module CPU Generators bulk operations /cpu-generators/x/bulk-create POST it created (200)" file="spec/cpu_spec.py" time="2.1e-05" /><testcase classname="spec.cpu_spec" name="CPU Generator Module CPU Generators bulk operations /cpu-generators/x/bulk-create POST it has Content-Type: application/json header" file="spec/cpu_spec.py" time="3e-05" /><testcase classname="spec.cpu_spec" name="CPU Generator Module CPU Generators bulk operations /cpu-generators/x/bulk-create POST it returned valid generator list" file="spec/cpu_spec.py" time="6.4e-05" /><testcase classname="spec.cpu_spec" name="CPU Generator Module CPU Generators bulk operations /cpu-generators/x/bulk-create POST it has same config" file="spec/cpu_spec.py" time="3.3e-05" /><testcase classname="spec.cpu_spec" name="CPU Generator Module CPU Generators bulk operations /cpu-generators/x/bulk-delete PUT it not allowed (405)" file="spec/cpu_spec.py" time="0.000564" /><testcase classname="spec.cpu_spec" name="CPU Generator Module CPU Generators bulk operations /cpu-generators/x/bulk-delete POST with existing IDs delete generators it all exist" file="spec/cpu_spec.py" time="0.00209" /><testcase classname="spec.cpu_spec" name="CPU Generator Module CPU Generators bulk operations /cpu-generators/x/bulk-delete POST with existing IDs delete generators it no content (204)" file="spec/cpu_spec.py" time="0.000728" /><testcase classname="spec.cpu_spec" name="CPU Generator Module CPU Generators bulk operations /cpu-generators/x/bulk-delete POST with existing IDs delete generators it all deleted" file="spec/cpu_spec.py" time="0.001786" /><testcase classname="spec.cpu_spec" name="CPU Generator Module CPU Generators bulk operations /cpu-generators/x/bulk-delete POST with non-existent ID delete generators it all exist" file="spec/cpu_spec.py" time="0.002063" /><testcase classname="spec.cpu_spec" name="CPU Generator Module CPU Generators bulk operations /cpu-generators/x/bulk-delete POST with non-existent ID delete generators it no content (204)" file="spec/cpu_spec.py" time="0.000741" /><testcase classname="spec.cpu_spec" name="CPU Generator Module CPU Generators bulk operations /cpu-generators/x/bulk-delete POST with non-existent ID delete generators it all deleted" file="spec/cpu_spec.py" time="0.001773" /><testcase classname="spec.cpu_spec" name="CPU Generator Module CPU Generators bulk operations /cpu-generators/x/bulk-delete POST with invalid ID delete generators it all exist" file="spec/cpu_spec.py" time="0.002084" /><testcase classname="spec.cpu_spec" name="CPU Generator Module CPU Generators bulk operations /cpu-generators/x/bulk-delete POST with invalid ID delete generators it no content (204)" file="spec/cpu_spec.py" time="0.000753" /><testcase classname="spec.cpu_spec" name="CPU Generator Module CPU Generators bulk operations /cpu-generators/x/bulk-delete POST with invalid ID delete generators it all deleted" file="spec/cpu_spec.py" time="0.001773" /><testcase classname="spec.cpu_spec" name="CPU Generator Module CPU Generators bulk operations /cpu-generators/x/bulk-start PUT it not allowed (405)" file="spec/cpu_spec.py" time="0.000528" /><testcase classname="spec.cpu_spec" name="CPU Generator Module CPU Generators bulk operations /cpu-generators/x/bulk-start POST by existing IDs it all not running" file="spec/cpu_spec.py" time="2.7e-05" /><testcase classname="spec.cpu_spec" name="CPU Generator Module CPU Generators bulk operations /cpu-generators/x/bulk-start POST by existing IDs it success (200)" file="spec/cpu_spec.py" time="1.7e-05" /><testcase classname="spec.cpu_spec" name="CPU Generator Module CPU Generators bulk operations /cpu-generators/x/bulk-start POST by existing IDs it has Content-Type: application/json header" file="spec/cpu_spec.py" time="3.1e-05" /><testcase classname="spec.cpu_spec" name="CPU Generator Module CPU Generators bulk operations /cpu-generators/x/bulk-start POST by existing IDs it returned valid results" file="spec/cpu_spec.py" time="0.000822" /><testcase classname="spec.cpu_spec" name="CPU Generator Module CPU Generators bulk operations /cpu-generators/x/bulk-start POST by existing IDs it all started" file="spec/cpu_spec.py" time="0.002239" /><testcase classname="spec.cpu_spec" name="CPU Generator Module CPU Generators bulk operations /cpu-generators/x/bulk-start POST by existing IDs already running generators it bad request (400)" file="spec/cpu_spec.py" time="0.000704" /><testcase classname="spec.cpu_spec" name="CPU Generator Module CPU Generators bulk operations /cpu-generators/x/bulk-start POST by existing IDs already running generators it state was not changed" file="spec/cpu_spec.py" time="0.002093" /><testcase classname="spec.cpu_spec" name="CPU Generator Module CPU Generators bulk operations /cpu-generators/x/bulk-start POST with non-existent ID it not found (404)" file="spec/cpu_spec.py" time="0.141541" /><testcase classname="spec.cpu_spec" name="CPU Generator Module CPU Generators bulk operations /cpu-generators/x/bulk-start POST with non-existent ID it state was not changed" file="spec/cpu_spec.py" time="0.002092" /><testcase classname="spec.cpu_spec" name="CPU Generator Module CPU Generators bulk operations /cpu-generators/x/bulk-start POST with non-existent ID it new results was not created" file="spec/cpu_spec.py" time="0.002429" /><testcase classname="spec.cpu_spec" name="CPU Generator Module CPU Generators bulk operations /cpu-generators/x/bulk-start POST with invalid ID it bad request (400)" file="spec/cpu_spec.py" time="0.000756" /><testcase classname="spec.cpu_spec" name="CPU Generator Module CPU Generators bulk operations /cpu-generators/x/bulk-start POST with invalid ID it state was not changed" file="spec/cpu_spec.py" time="0.002083" /><testcase classname="spec.cpu_spec" name="CPU Generator Module CPU Generators bulk operations /cpu-generators/x/bulk-start POST with invalid ID it new results was not created" file="spec/cpu_spec.py" time="0.002417" /><testcase classname="spec.cpu_spec" name="CPU Generator Module CPU Generators bulk operations /cpu-generators/x/bulk-stop PUT it not allowed (405)" file="spec/cpu_spec.py" time="0.000536" /><testcase classname="spec.cpu_spec" name="CPU Generator Module CPU Generators bulk operations /cpu-generators/x/bulk-stop POST with existing IDs stop generators it all running" file="spec/cpu_spec.py" time="0.001989" /><testcase classname="spec.cpu_spec" name="CPU Generator Module CPU Generators bulk operations /cpu-generators/x/bulk-stop POST with existing IDs stop generators it no content (204)" file="spec/cpu_spec.py" time="0.136803" /><testcase classname="spec.cpu_spec" name="CPU Generator Module CPU Generators bulk operations /cpu-generators/x/bulk-stop POST with existing IDs stop generators it all stopped" file="spec/cpu_spec.py" time="0.002073" /><testcase classname="spec.cpu_spec" name="CPU Generator Module CPU Generators bulk operations /cpu-generators/x/bulk-stop POST with existing IDs already stopped generators it no content (204)" file="spec/cpu_spec.py" time="0.000674" /><testcase classname="spec.cpu_spec" name="CPU Generator Module CPU Generators bulk operations /cpu-generators/x/bulk-stop POST with non-existent ID stop generators it all running" file="spec/cpu_spec.py" time="0.001977" /><testcase classname="spec.cpu_spec" name="CPU Generator Module CPU Generators bulk operations /cpu-generators/x/bulk-stop POST with non-existent ID stop generators it no content (204)" file="spec/cpu_spec.py" time="0.137959" /><testcase classname="spec.cpu_spec" name="CPU Generator Module CPU Generators bulk operations /cpu-generators/x/bulk-stop POST with non-existent ID stop generators it all stopped" file="spec/cpu_spec.py" time="0.002074" /><testcase classname="spec.cpu_spec" name="CPU Generator Module CPU Generators bulk operations /cpu-generators/x/bulk-stop POST with invalid ID stop generators it all running" file="spec/cpu_spec.py" time="0.00199" /><testcase classname="spec.cpu_spec" name="CPU Generator Module CPU Generators bulk operations /cpu-generators/x/bulk-stop POST with invalid ID stop generators it no content (204)" file="spec/cpu_spec.py" time="0.138699" /><testcase classname="spec.cpu_spec" name="CPU Generator Module CPU Generators bulk operations /cpu-generators/x/bulk-stop POST with invalid ID stop generators it all stopped" file="spec/cpu_spec.py" time="0.002113" /><testcase classname="spec.cpu_spec" name="CPU Generator Module CPU Generator Results /cpu-generator-results PUT it not allowed (405)" file="spec/cpu_spec.py" time="0.000598" /><testcase classname="spec.cpu_spec" name="CPU Generator Module CPU Generator Results /cpu-generator-results GET it success (200)" file="spec/cpu_spec.py" time="2.2e-05" /><testcase classname="spec.cpu_spec" name="CPU Generator Module CPU Generator Results /cpu-generator-results GET it has Content-Type: application/json header" file="spec/cpu_spec.py" time="3.2e-05" /><testcase classname="spec.cpu_spec" name="CPU Generator Module CPU Generator Results /cpu-generator-results GET it results list" file="spec/cpu_spec.py" time="0.000766" /><testcase classname="spec.cpu_spec" name="CPU Generator Module CPU Generator Results /cpu-generator-results/{id} GET by existing ID it success (200)" file="spec/cpu_spec.py" time="2.5e-05" /><testcase classname="spec.cpu_spec" name="CPU Generator Module CPU Generator Results /cpu-generator-results/{id} GET by existing ID it has Content-Type: application/json header" file="spec/cpu_spec.py" time="3.1e-05" /><testcase classname="spec.cpu_spec" name="CPU Generator Module CPU Generator Results /cpu-generator-results/{id} GET by existing ID it valid result" file="spec/cpu_spec.py" time="0.000265" /><testcase classname="spec.cpu_spec" name="CPU Generator Module CPU Generator Results /cpu-generator-results/{id} GET by non-existent ID it not found (404)" file="spec/cpu_spec.py" time="0.000706" /><testcase classname="spec.cpu_spec" name="CPU Generator Module CPU Generator Results /cpu-generator-results/{id} GET by invalid ID it bad request (400)" file="spec/cpu_spec.py" time="0.000597" /><testcase classname="spec.cpu_spec" name="CPU Generator Module CPU Generator Results /cpu-generator-results/{id} DELETE by existing ID active result it exists" file="spec/cpu_spec.py" time="0.000272" /><testcase classname="spec.cpu_spec" name="CPU Generator Module CPU Generator Results /cpu-generator-results/{id} DELETE by existing ID active result it active" file="spec/cpu_spec.py" time="1.8e-05" /><testcase classname="spec.cpu_spec" name="CPU Generator Module CPU Generator Results /cpu-generator-results/{id} DELETE by existing ID active result it not deleted (400)" file="spec/cpu_spec.py" time="0.000679" /><testcase classname="spec.cpu_spec" name="CPU Generator Module CPU Generator Results /cpu-generator-results/{id} DELETE by existing ID inactive result it exists" file="spec/cpu_spec.py" time="0.00027" /><testcase classname="spec.cpu_spec" name="CPU Generator Module CPU Generator Results /cpu-generator-results/{id} DELETE by existing ID inactive result it not active" file="spec/cpu_spec.py" time="1.7e-05" /><testcase classname="spec.cpu_spec" name="CPU Generator Module CPU Generator Results /cpu-generator-results/{id} DELETE by existing ID inactive result it deleted (204)" file="spec/cpu_spec.py" time="0.000728" /><testcase classname="spec.cpu_spec" name="CPU Generator Module CPU Generator Results /cpu-generator-results/{id} DELETE by existing ID inactive result it not found (404)" file="spec/cpu_spec.py" time="0.000679" /><testcase classname="spec.cpu_spec" name="CPU Generator Module CPU Generator Results /cpu-generator-results/{id} DELETE by non-existent ID it not found (404)" file="spec/cpu_spec.py" time="0.000614" /><testcase classname="spec.cpu_spec" name="CPU Generator Module CPU Generator Results /cpu-generator-results/{id} DELETE by invalid ID it bad request (400)" file="spec/cpu_spec.py" time="0.000592" /><testcase classname="spec.cpu_spec" name="CPU Generator Module CPU Generator Results delete results with generator it results exist" file="spec/cpu_spec.py" time="0.003191" /><testcase classname="spec.cpu_spec" name="CPU Generator Module CPU Generator Results delete results with generator it generator deleted" file="spec/cpu_spec.py" time="0.000712" /><testcase classname="spec.cpu_spec" name="CPU Generator Module CPU Generator Results delete results with generator it results deleted" file="spec/cpu_spec.py" time="0.000559" /><testcase classname="spec.dataplane_spec" name="Dataplane, ipv4, ping, client interface, it succeeds" file="spec/dataplane_spec.py" time="0.022153" /><testcase classname="spec.dataplane_spec" name="Dataplane, ipv4, ping, server interface, it succeeds" file="spec/dataplane_spec.py" time="0.019791" /><testcase classname="spec.dataplane_spec" name="Dataplane, ipv4, tcp, bulk data transfer, client to server, it succeeds" file="spec/dataplane_spec.py" time="4.099128" /><testcase classname="spec.dataplane_spec" name="Dataplane, ipv4, tcp, bulk data transfer, server to client, it succeeds" file="spec/dataplane_spec.py" time="1.588739" /><testcase classname="spec.dataplane_spec" name="Dataplane, ipv4, udp, bulk data transfer, client to server, it succeeds," file="spec/dataplane_spec.py" time="3.809728" /><testcase classname="spec.dataplane_spec" name="Dataplane, ipv4, udp, bulk data transfer, server to client, it succeeds" file="spec/dataplane_spec.py" time="3.804174" /><testcase classname="spec.dataplane_spec" name="Dataplane, ipv6, ping, client interface, it succeeds" file="spec/dataplane_spec.py" time="0.023384" /><testcase classname="spec.dataplane_spec" name="Dataplane, ipv6, ping, server interface, it succeeds" file="spec/dataplane_spec.py" time="0.019982" /><testcase classname="spec.dataplane_spec" name="Dataplane, ipv6, tcp, bulk data transfer, client to server, it succeeds" file="spec/dataplane_spec.py" time="3.271125" /><testcase classname="spec.dataplane_spec" name="Dataplane, ipv6, tcp, bulk data transfer, server to client, it succeeds" file="spec/dataplane_spec.py" time="1.619864" /><testcase classname="spec.dataplane_spec" name="Dataplane, ipv6, udp, bulk data transfer, client to server, it succeeds," file="spec/dataplane_spec.py" time="3.808202" /><testcase classname="spec.dataplane_spec" name="Dataplane, ipv6, udp, bulk data transfer, server to client, it succeeds" file="spec/dataplane_spec.py" time="3.80874" /><testcase classname="spec.dataplane_spec" name="Dataplane, packet, ping, raw, client interface, it succeeds" file="spec/dataplane_spec.py" time="0.058598" /><testcase classname="spec.dataplane_spec" name="Dataplane, packet, ping, raw, server interface, it succeeds" file="spec/dataplane_spec.py" time="0.066856" /><testcase classname="spec.dataplane_spec" name="Dataplane, packet, ping, dgram, client interface, it succeeds" file="spec/dataplane_spec.py" time="0.061358" /><testcase classname="spec.dataplane_spec" name="Dataplane, packet, ping, dgram, server interface, it succeeds" file="spec/dataplane_spec.py" time="0.069059" /><testcase classname="spec.interfaces_spec" name="Interfaces, REST API, list, Eth, unfiltered, it succeeds" file="spec/interfaces_spec.py" time="0.003609" /><testcase classname="spec.interfaces_spec" name="Interfaces, REST API, list, Eth, filtered, port with existing interfaces, it returns at least one interface" file="spec/interfaces_spec.py" time="0.001972" /><testcase classname="spec.interfaces_spec" name="Interfaces, REST API, list, Eth, filtered, non-existent port, it returns no interfaces" file="spec/interfaces_spec.py" time="0.001855" /><testcase classname="spec.interfaces_spec" name="Interfaces, REST API, list, Eth, filtered, missing port, it returns no interfaces" file="spec/interfaces_spec.py" time="0.001866" /><testcase classname="spec.interfaces_spec" name="Interfaces, REST API, list, Eth, filtered, known existing Ethernet MAC address, it returns exactly one interface" file="spec/interfaces_spec.py" time="0.001961" /><testcase classname="spec.interfaces_spec" name="Interfaces, REST API, list, Eth, filtered, invalid Ethernet MAC address, it returns no interfaces" file="spec/interfaces_spec.py" time="0.001914" /><testcase classname="spec.interfaces_spec" name="Interfaces, REST API, list, Eth, filtered, missing Ethernet MAC address, it returns no interfaces" file="spec/interfaces_spec.py" time="0.001815" /><testcase classname="spec.interfaces_spec" name="Interfaces, REST API, list, IPv4, known existing IPv4 address, it returns exactly one interface" file="spec/interfaces_spec.py" time="0.001936" /><testcase classname="spec.interfaces_spec" name="Interfaces, REST API, list, IPv4, invalid IPv4 address, it returns no interfaces" file="spec/interfaces_spec.py" time="0.00181" /><testcase classname="spec.interfaces_spec" name="Interfaces, REST API, list, IPv4, missing IPv4 address, it returns no interfaces" file="spec/interfaces_spec.py" time="0.00183" /><testcase classname="spec.interfaces_spec" name="Interfaces, REST API, list, IPv6, known existing IPv6 address, it returns exactly one interface" file="spec/interfaces_spec.py" time="0.0021" /><testcase classname="spec.interfaces_spec" name="Interfaces, REST API, list, IPv6, known existing IPv6 link local address, it returns exactly one interface" file="spec/interfaces_spec.py" time="0.001975" /><testcase classname="spec.interfaces_spec" name="Interfaces, REST API, list, IPv6, invalid IPv6 address, it returns no interfaces" file="spec/interfaces_spec.py" time="0.001839" /><testcase classname="spec.interfaces_spec" name="Interfaces, REST API, list, IPv6, missing IPv6 address, it returns no interfaces" file="spec/interfaces_spec.py" time="0.001854" /><testcase classname="spec.interfaces_spec" name="Interfaces, REST API, list, both IPv4 and IPv6, known existing IPv4 address, it returns exactly one interface" file="spec/interfaces_spec.py" time="0.001991" /><testcase classname="spec.interfaces_spec" name="Interfaces, REST API, list, both IPv4 and IPv6, known existing IPv6 address, it returns exactly one interface" file="spec/interfaces_spec.py" time="0.002022" /><testcase classname="spec.interfaces_spec" name="Interfaces, REST API, list, both IPv4 and IPv6, known existing IPv4 and IPv6 address, it returns exactly one interface" file="spec/interfaces_spec.py" time="0.00202" /><testcase classname="spec.interfaces_spec" name="Interfaces, REST API, list, both IPv4 and IPv6, invalid IPv4 address, it returns no interfaces" file="spec/interfaces_spec.py" time="0.001916" /><testcase classname="spec.interfaces_spec" name="Interfaces, REST API, list, both IPv4 and IPv6, missing IPv4 address, it returns no interfaces" file="spec/interfaces_spec.py" time="0.001883" /><testcase classname="spec.interfaces_spec" name="Interfaces, REST API, list, both IPv4 and IPv6, invalid IPv6 address, it returns no interfaces" file="spec/interfaces_spec.py" time="0.001891" /><testcase classname="spec.interfaces_spec" name="Interfaces, REST API, list, both IPv4 and IPv6, missing IPv6 address, it returns no interfaces" file="spec/interfaces_spec.py" time="0.001889" /><testcase classname="spec.interfaces_spec" name="Interfaces, REST API, get, IPv4, known existing interface, it succeeds" file="spec/interfaces_spec.py" time="0.001973" /><testcase classname="spec.interfaces_spec" name="Interfaces, REST API, get, IPv4, known existing interface, it returns 405" file="spec/interfaces_spec.py" time="0.001799" /><testcase classname="spec.interfaces_spec" name="Interfaces, REST API, get, IPv6, known existing interface, it succeeds" file="spec/interfaces_spec.py" time="0.001985" /><testcase classname="spec.interfaces_spec" name="Interfaces, REST API, get, IPv6, known existing interface, it returns 405" file="spec/interfaces_spec.py" time="0.001812" /><testcase classname="spec.interfaces_spec" name="Interfaces, REST API, get, non-existent interface, it returns 404" file="spec/interfaces_spec.py" time="0.000379" /><testcase classname="spec.interfaces_spec" name="Interfaces, REST API, get, invalid interface id, it returns 404" file="spec/interfaces_spec.py" time="0.000371" /><testcase classname="spec.interfaces_spec" name="Interfaces, REST API, create, Ethernet protocol, broadcast MAC address it returns 400" file="spec/interfaces_spec.py" time="0.000857" /><testcase classname="spec.interfaces_spec" name="Interfaces, REST API, create, Ethernet protocol, multicast MAC address, it returns 400" file="spec/interfaces_spec.py" time="0.000846" /><testcase classname="spec.interfaces_spec" name="Interfaces, REST API, create, Ethernet protocol, too short MAC address, it returns 400" file="spec/interfaces_spec.py" time="0.000842" /><testcase classname="spec.interfaces_spec" name="Interfaces, REST API, create, Ethernet protocol, too long MAC address, it returns 400" file="spec/interfaces_spec.py" time="0.000822" /><testcase classname="spec.interfaces_spec" name="Interfaces, REST API, create, Ethernet protocol, garbage MAC address, it returns 400" file="spec/interfaces_spec.py" time="0.000906" /><testcase classname="spec.interfaces_spec" name="Interfaces, REST API, create, Ethernet protocol, valid MAC address, it succeeds" file="spec/interfaces_spec.py" time="0.001455" /><testcase classname="spec.interfaces_spec" name="Interfaces, REST API, create, IPv4 protocol, static, valid IPv4 address, no gateway, it succeeds" file="spec/interfaces_spec.py" time="0.001495" /><testcase classname="spec.interfaces_spec" name="Interfaces, REST API, create, IPv4 protocol, static, valid IPv4 address, valid gateway, it succeeds" file="spec/interfaces_spec.py" time="0.001497" /><testcase classname="spec.interfaces_spec" name="Interfaces, REST API, create, IPv4 protocol, static, valid IPv4 address, non-local gateway, it returns 400" file="spec/interfaces_spec.py" time="0.000896" /><testcase classname="spec.interfaces_spec" name="Interfaces, REST API, create, IPv4 protocol, static, valid IPv4 address, too long prefix legnth, it returns 400" file="spec/interfaces_spec.py" time="0.00088" /><testcase classname="spec.interfaces_spec" name="Interfaces, REST API, create, IPv4 protocol, static, valid IPv4 address, invalid port, it returns 400" file="spec/interfaces_spec.py" time="0.0009" /><testcase classname="spec.interfaces_spec" name="Interfaces, REST API, create, IPv4 protocol, static, invalid IPv4 address, IPv6 address as IPv4 address, it returns 400" file="spec/interfaces_spec.py" time="0.00089" /><testcase classname="spec.interfaces_spec" name="Interfaces, REST API, create, IPv4 protocol, static, invalid IPv4 address, too short IPv4 address, it returns 400" file="spec/interfaces_spec.py" time="0.000861" /><testcase classname="spec.interfaces_spec" name="Interfaces, REST API, create, IPv4 protocol, static, invalid IPv4 address, too long IPv4 address, it returns 400" file="spec/interfaces_spec.py" time="0.00089" /><testcase classname="spec.interfaces_spec" name="Interfaces, REST API, create, IPv4 protocol, auto, it succeeds" file="spec/interfaces_spec.py" time="0.001455" /><testcase classname="spec.interfaces_spec" name="Interfaces, REST API, create, IPv4 protocol, dhcp, no properties, it succeeds" file="spec/interfaces_spec.py" time="0.001523" /><testcase classname="spec.interfaces_spec" name="Interfaces, REST API, create, IPv4 protocol, dhcp, hostname set, it succeeds" file="spec/interfaces_spec.py" time="0.001494" /><testcase classname="spec.interfaces_spec" name="Interfaces, REST API, create, IPv4 protocol, dhcp, hostname set, client set, it succeeds" file="spec/interfaces_spec.py" time="0.001464" /><testcase classname="spec.interfaces_spec" name="Interfaces, REST API, create, IPv6 protocol, static, valid IPv6 address, no gateway, it succeeds" file="spec/interfaces_spec.py" time="0.001517" /><testcase classname="spec.interfaces_spec" name="Interfaces, REST API, create, IPv6 protocol, static, valid IPv6 address, valid gateway, it succeeds" file="spec/interfaces_spec.py" time="0.001497" /><testcase classname="spec.interfaces_spec" name="Interfaces, REST API, create, IPv6 protocol, static, valid IPv6 address, non-local gateway, it returns 400" file="spec/interfaces_spec.py" time="0.000886" /><testcase classname="spec.interfaces_spec" name="Interfaces, REST API, create, IPv6 protocol, static, valid IPv6 address, too long prefix legnth, it returns 400" file="spec/interfaces_spec.py" time="0.000884" /><testcase classname="spec.interfaces_spec" name="Interfaces, REST API, create, IPv6 protocol, static, valid IPv6 address, invalid port, it returns 400" file="spec/interfaces_spec.py" time="0.00089" /><testcase classname="spec.interfaces_spec" name="Interfaces, REST API, create, IPv6 protocol, static, invalid IPv6 address, IPv4 address as IPv6 address, it returns 400" file="spec/interfaces_spec.py" time="0.000867" /><testcase classname="spec.interfaces_spec" name="Interfaces, REST API, create, IPv6 protocol, static, invalid IPv6 address, Invalid IPv6 address, it returns 400" file="spec/interfaces_spec.py" time="0.000932" /><testcase classname="spec.interfaces_spec" name="Interfaces, REST API, create, IPv6 protocol, auto, auto link local, it succeeds" file="spec/interfaces_spec.py" time="0.001511" /><testcase classname="spec.interfaces_spec" name="Interfaces, REST API, create, IPv6 protocol, auto, static link local, it succeeds" file="spec/interfaces_spec.py" time="0.001514" /><testcase classname="spec.interfaces_spec" name="Interfaces, REST API, create, IPv6 protocol, dhcp6, no dhcp6 config, it succeeds" file="spec/interfaces_spec.py" time="0.00153" /><testcase classname="spec.interfaces_spec" name="Interfaces, REST API, create, IPv6 protocol, dhcp6, no properties, it succeeds" file="spec/interfaces_spec.py" time="0.001555" /><testcase classname="spec.interfaces_spec" name="Interfaces, REST API, create, IPv6 protocol, dhcp6, static link local, it succeeds" file="spec/interfaces_spec.py" time="0.001513" /><testcase classname="spec.interfaces_spec" name="Interfaces, REST API, create, IPv6 protocol, dhcp6, stateful, it returns 400" file="spec/interfaces_spec.py" time="0.000992" /><testcase classname="spec.interfaces_spec" name="Interfaces, REST API, create, IPv6 protocol, dhcp6, stateless, it succeeds" file="spec/interfaces_spec.py" time="0.001514" /><testcase classname="spec.interfaces_spec" name="Interfaces, REST API, create, User-defined ID, valid IDs, it succeeds" file="spec/interfaces_spec.py" time="0.001455" /><testcase classname="spec.interfaces_spec" name="Interfaces, REST API, create, User-defined ID, invalid interface ID, it returns 404" file="spec/interfaces_spec.py" time="0.000882" /><testcase classname="spec.interfaces_spec" name="Interfaces, REST API, create, User-defined ID, invalid port ID, it returns 400" file="spec/interfaces_spec.py" time="0.000927" /><testcase classname="spec.interfaces_spec" name="Interfaces, REST API, update, valid interface, unsupported method, it returns 405" file="spec/interfaces_spec.py" time="0.00184" /><testcase classname="spec.interfaces_spec" name="Interfaces, REST API, update, non-existent interface, unsupported method, it returns 405" file="spec/interfaces_spec.py" time="0.000334" /><testcase classname="spec.interfaces_spec" name="Interfaces, REST API, delete, valid interface, it succeeds" file="spec/interfaces_spec.py" time="0.001883" /><testcase classname="spec.interfaces_spec" name="Interfaces, REST API, delete, non-existent interface, it succeeds" file="spec/interfaces_spec.py" time="0.00037" /><testcase classname="spec.interfaces_spec" name="Interfaces, REST API, delete, invalid interface ID, it returns 400" file="spec/interfaces_spec.py" time="0.000373" /><testcase classname="spec.interfaces_spec" name="Interfaces, REST API, bulk-create, IPv4 protocol, static, valid interfaces, it succeeds" file="spec/interfaces_spec.py" time="0.0047" /><testcase classname="spec.interfaces_spec" name="Interfaces, REST API, bulk-create, IPv4 protocol, static, single invalid interface, it returns 400 with no new interfaces" file="spec/interfaces_spec.py" time="0.002715" /><testcase classname="spec.interfaces_spec" name="Interfaces, REST API, bulk-create, IPv4 protocol, dhcp, it succeeds" file="spec/interfaces_spec.py" time="0.004742" /><testcase classname="spec.interfaces_spec" name="Interfaces, REST API, bulk-create, IPv6 protocol, static, valid interfaces, it succeeds" file="spec/interfaces_spec.py" time="0.004709" /><testcase classname="spec.interfaces_spec" name="Interfaces, REST API, bulk-create, IPv6 protocol, static, single invalid interface, it returns 400 with no new interfaces" file="spec/interfaces_spec.py" time="0.002748" /><testcase classname="spec.interfaces_spec" name="Interfaces, REST API, bulk-create, IPv6 protocol, dhcp6, it succeeds" file="spec/interfaces_spec.py" time="0.004728" /><testcase classname="spec.interfaces_spec" name="Interfaces, REST API, bulk-create, unsupported method,  it returns 405" file="spec/interfaces_spec.py" time="0.000331" /><testcase classname="spec.interfaces_spec" name="Interfaces, REST API, bulk-delete, IPv4 protocol, delete one, it succeeds" file="spec/interfaces_spec.py" time="0.006882" /><testcase classname="spec.interfaces_spec" name="Interfaces, REST API, bulk-delete, IPv4 protocol, delete all, it succeeds" file="spec/interfaces_spec.py" time="0.006596" /><testcase classname="spec.interfaces_spec" name="Interfaces, REST API, bulk-delete, IPv4 protocol, delete existent and non-existent, it succeeds" file="spec/interfaces_spec.py" time="0.007005" /><testcase classname="spec.interfaces_spec" name="Interfaces, REST API, bulk-delete, IPv6 protocol, delete one, it succeeds" file="spec/interfaces_spec.py" time="0.007026" /><testcase classname="spec.interfaces_spec" name="Interfaces, REST API, bulk-delete, IPv6 protocol, delete all, it succeeds" file="spec/interfaces_spec.py" time="0.006661" /><testcase classname="spec.interfaces_spec" name="Interfaces, REST API, bulk-delete, IPv6 protocol, delete existent and non-existent, it succeeds" file="spec/interfaces_spec.py" time="0.006912" /><testcase classname="spec.interfaces_spec" name="Interfaces, REST API, bulk-delete, unsupported method,  it returns 405" file="spec/interfaces_spec.py" time="0.000328" /><testcase classname="spec.interfaces_spec" name="Interfaces, configuration file, it created valid interfaces" file="spec/interfaces_spec.py" time="0.00187" /><testcase classname="spec.learning_back_to_back_spec" name="MAC Learning, REST API packet-generator,  IPv4,  with source addresses,  it does not automatically populate from interface" file="spec/learning_back_to_back_spec.py" time="1.52598" /><testcase classname="spec.learning_back_to_back_spec" name="MAC Learning, REST API packet-generator,  IPv4,  without source addresses,  it does automatically populate from interface" file="spec/learning_back_to_back_spec.py" time="1.525014" /><testcase classname="spec.learning_back_to_back_spec" name="MAC Learning, REST API packet-generator,  IPv6,  with source addresses,  it does not automatically populate from interface" file="spec/learning_back_to_back_spec.py" time="2.526401" /><testcase classname="spec.learning_back_to_back_spec" name="MAC Learning, REST API packet-generator,  IPv6,  without source addresses,  it does automatically populate from interface" file="spec/learning_back_to_back_s
[...]
ace,  by existing generator id, it succeeds" file="spec/packet_generator_spec.py" time="1.015822" /><testcase classname="spec.packet_generator_spec" name="Packet Generator, REST API stop running generator, by generator id, it succeeds" file="spec/packet_generator_spec.py" time="0.009868" /><testcase classname="spec.packet_generator_spec" name="Packet Generator, REST API stop running generator, restart generator,  it succeeds" file="spec/packet_generator_spec.py" time="0.009248" /><testcase classname="spec.packet_generator_spec" name="Packet Generator, REST API toggle generators, two valid generators, it succeeds" file="spec/packet_generator_spec.py" time="0.011948" /><testcase classname="spec.packet_generator_spec" name="Packet Generator, REST API toggle generators, non-existent generator, it returns 400" file="spec/packet_generator_spec.py" time="0.007385" /><testcase classname="spec.packet_generator_spec" name="Packet Generator, REST API list generator results, unfiltered, it succeeds" file="spec/packet_generator_spec.py" time="0.007449" /><testcase classname="spec.packet_generator_spec" name="Packet Generator, REST API list generator results, by generator id, it succeeds" file="spec/packet_generator_spec.py" time="0.007534" /><testcase classname="spec.packet_generator_spec" name="Packet Generator, REST API list generator results, non-existent generator id, it returns no results" file="spec/packet_generator_spec.py" time="0.00732" /><testcase classname="spec.packet_generator_spec" name="Packet Generator, REST API list generator results, by target id, it succeeds" file="spec/packet_generator_spec.py" time="0.008207" /><testcase classname="spec.packet_generator_spec" name="Packet Generator, REST API list generator results, non-existent target id, it returns no results" file="spec/packet_generator_spec.py" time="0.00731" /><testcase classname="spec.packet_generator_spec" name="Packet Generator, REST API list tx flows, unfiltered, it succeeds" file="spec/packet_generator_spec.py" time="0.007385" /><testcase classname="spec.packet_generator_spec" name="Packet Generator, REST API list tx flows, filtered, by target_id, it returns tx flows" file="spec/packet_generator_spec.py" time="0.007369" /><testcase classname="spec.packet_generator_spec" name="Packet Generator, REST API list tx flows, filtered, non-existent target_id, it returns no flows" file="spec/packet_generator_spec.py" time="0.007291" /><testcase classname="spec.packet_generator_spec" name="Packet Generator, REST API list tx flows, filtered, by generator_id, it returns tx flows" file="spec/packet_generator_spec.py" time="0.008238" /><testcase classname="spec.packet_generator_spec" name="Packet Generator, REST API list tx flows, filtered, non-existent generator_id, it returns no flows" file="spec/packet_generator_spec.py" time="0.00728" /><testcase classname="spec.packet_generator_spec" name="Packet Generator, REST API get tx flow, by flow id, it returns tx flow" file="spec/packet_generator_spec.py" time="0.008391" /><testcase classname="spec.packet_generator_spec" name="Packet Generator, REST API get tx flow, non-existent id, it returns 404" file="spec/packet_generator_spec.py" time="0.007357" /><testcase classname="spec.packet_generator_spec" name="Packet Generator, REST API get tx flow, invalid generator id, it returns 404" file="spec/packet_generator_spec.py" time="0.007335" /><testcase classname="spec.packet_generator_spec" name="Packet Generator, REST API bulk operations, bulk create, valid request, it succeeds" file="spec/packet_generator_spec.py" time="0.006284" /><testcase classname="spec.packet_generator_spec" name="Packet Generator, REST API bulk operations, bulk create, invalid requests, it returns 400 for invalid config" file="spec/packet_generator_spec.py" time="0.005282" /><testcase classname="spec.packet_generator_spec" name="Packet Generator, REST API bulk operations, bulk create, invalid requests, it returns 404 for invalid id" file="spec/packet_generator_spec.py" time="0.005349" /><testcase classname="spec.packet_generator_spec" name="Packet Generator, REST API bulk operations, bulk delete, valid request, it succeeds" file="spec/packet_generator_spec.py" time="0.007215" /><testcase classname="spec.packet_generator_spec" name="Packet Generator, REST API bulk operations, bulk delete, invalid requests, it succeeds with a non-existent id" file="spec/packet_generator_spec.py" time="0.007043" /><testcase classname="spec.packet_generator_spec" name="Packet Generator, REST API bulk operations, bulk delete, invalid requests, it returns 404 for an invalid id" file="spec/packet_generator_spec.py" time="0.007631" /><testcase classname="spec.packet_generator_spec" name="Packet Generator, REST API bulk operations, bulk start, valid request, it succeeds" file="spec/packet_generator_spec.py" time="0.012169" /><testcase classname="spec.packet_generator_spec" name="Packet Generator, REST API bulk operations, bulk start, invalid requests, it returns 404 for non-existent id" file="spec/packet_generator_spec.py" time="0.01085" /><testcase classname="spec.packet_generator_spec" name="Packet Generator, REST API bulk operations, bulk start, invalid requests, it returns 404 for invalid id" file="spec/packet_generator_spec.py" time="0.007723" /><testcase classname="spec.packet_generator_spec" name="Packet Generator, REST API bulk operations, bulk stop, valid request, it succeeds" file="spec/packet_generator_spec.py" time="0.011644" /><testcase classname="spec.packet_generator_spec" name="Packet Generator, REST API bulk operations, bulk stop, invalid requests, it succeeds with a non-existent id" file="spec/packet_generator_spec.py" time="0.011701" /><testcase classname="spec.packet_generator_spec" name="Packet Generator, REST API bulk operations, bulk stop, invalid requests, it returns 404 for an invalid id" file="spec/packet_generator_spec.py" time="0.012907" /><testcase classname="spec.packetio_args_spec" name="PacketIO arguments, Empty core mask, binary started, it has no port handlers" file="spec/packetio_args_spec.py" time="3.3e-05" /><testcase classname="spec.packetio_args_spec" name="PacketIO arguments, No-init flag, binary started, it has no port handlers" file="spec/packetio_args_spec.py" time="2.9e-05" /><testcase classname="spec.packetio_args_spec" name="PacketIO arguments, No stack worker, binary started, it has no stack handlers" file="spec/packetio_args_spec.py" time="2.3e-05" /><testcase classname="spec.ports_spec" name="Ports, REST API, list, unfiltered, it returns valid ports" file="spec/ports_spec.py" time="0.001802" /><testcase classname="spec.ports_spec" name="Ports, REST API, list, filtered, known existing kind, it returns valid ports of that kind" file="spec/ports_spec.py" time="0.000619" /><testcase classname="spec.ports_spec" name="Ports, REST API, list, filtered, known non-existent kind, it returns no ports" file="spec/ports_spec.py" time="0.000387" /><testcase classname="spec.ports_spec" name="Ports, REST API, list, filtered, invalid kind, it returns no ports" file="spec/ports_spec.py" time="0.000353" /><testcase classname="spec.ports_spec" name="Ports, REST API, list, filtered, missing kind, it returns no ports" file="spec/ports_spec.py" time="0.00034" /><testcase classname="spec.ports_spec" name="Ports, REST API, list, unsupported method, it returns 405" file="spec/ports_spec.py" time="0.000351" /><testcase classname="spec.ports_spec" name="Ports, REST API, get, known existing port, it succeeds" file="spec/ports_spec.py" time="0.000491" /><testcase classname="spec.ports_spec" name="Ports, REST API, get, non-existent port, it returns 404" file="spec/ports_spec.py" time="0.000374" /><testcase classname="spec.ports_spec" name="Ports, REST API, get, invalid id, it returns 404" file="spec/ports_spec.py" time="0.000358" /><testcase classname="spec.ports_spec" name="Ports, REST API, get, unsupported method, it returns 405" file="spec/ports_spec.py" time="0.000317" /><testcase classname="spec.ports_spec" name="Ports, REST API, create, dpdk kind, it returns 400" file="spec/ports_spec.py" time="0.000376" /><testcase classname="spec.ports_spec" name="Ports, REST API, create, host kind, it returns 400" file="spec/ports_spec.py" time="0.000365" /><testcase classname="spec.ports_spec" name="Ports, REST API, create, bond kind, LAG 802.3AD mode, valid port list, it succeeds" file="spec/ports_spec.py" time="0.001452" /><testcase classname="spec.ports_spec" name="Ports, REST API, create, bond kind, LAG 802.3AD mode, invalid port list, it returns 400" file="spec/ports_spec.py" time="0.00035" /><testcase classname="spec.ports_spec" name="Ports, REST API, create, bond kind, LAG 802.3AD mode, empty port list, it returns 400" file="spec/ports_spec.py" time="0.00034" /><testcase classname="spec.ports_spec" name="Ports, REST API, create, bond kind, LAG 802.3AD mode, missing port list, it returns 400" file="spec/ports_spec.py" time="0.000335" /><testcase classname="spec.ports_spec" name="Ports, REST API, create, bond kind, LAG 802.3AD mode, invalid member port id, it returns 400" file="spec/ports_spec.py" time="0.000353" /><testcase classname="spec.ports_spec" name="Ports, REST API, create, bond kind, invalid mode, it returns 400" file="spec/ports_spec.py" time="0.000343" /><testcase classname="spec.ports_spec" name="Ports, REST API, create, bond kind, missing mode, it returns 400" file="spec/ports_spec.py" time="0.000409" /><testcase classname="spec.ports_spec" name="Ports, REST API, create, invalid kind, it returns 400" file="spec/ports_spec.py" time="0.000324" /><testcase classname="spec.ports_spec" name="Ports, REST API, create, missing kind, it returns 400" file="spec/ports_spec.py" time="0.000477" /><testcase classname="spec.ports_spec" name="Ports, REST API, create, invalid ID, it returns 400" file="spec/ports_spec.py" time="0.000338" /><testcase classname="spec.ports_spec" name="Ports, REST API, delete, valid port, it succeeds" file="spec/ports_spec.py" time="0.001781" /><testcase classname="spec.ports_spec" name="Ports, REST API, delete, protected port, it returns 400" file="spec/ports_spec.py" time="0.000368" /><testcase classname="spec.ports_spec" name="Ports, REST API, delete, non-existent port, it succeeds" file="spec/ports_spec.py" time="0.000346" /><testcase classname="spec.ports_spec" name="Ports, REST API, delete, invalid port ID, it returns 404" file="spec/ports_spec.py" time="0.000356" /><testcase classname="spec.ports_spec" name="Ports, configuration file, it created a valid port" file="spec/ports_spec.py" time="0.000985" /><testcase classname="spec.stacks_spec" name="Stacks, list, it returns valid stacks" file="spec/stacks_spec.py" time="0.001339" /><testcase classname="spec.stacks_spec" name="Stacks, list, unsupported method it returns 405" file="spec/stacks_spec.py" time="0.000368" /><testcase classname="spec.stacks_spec" name="Stacks, get, known existing stack, it succeeds" file="spec/stacks_spec.py" time="0.000865" /><testcase classname="spec.stacks_spec" name="Stacks, get, non-existent stack, it returns 404" file="spec/stacks_spec.py" time="0.000388" /><testcase classname="spec.stacks_spec" name="Stacks, get, unsupported method it returns 405" file="spec/stacks_spec.py" time="0.000325" /><testcase classname="spec.timesync_spec" name="Timesync, counters, unsupported method, it returns 405" file="spec/timesync_spec.py" time="0.000784" /><testcase classname="spec.timesync_spec" name="Timesync, counters, GET, list, it succeeds" file="spec/timesync_spec.py" time="0.00047" /><testcase classname="spec.timesync_spec" name="Timesync, counters, GET, valid counter, it succeeds" file="spec/timesync_spec.py" time="0.00124" /><testcase classname="spec.timesync_spec" name="Timesync, counters, GET, non-existent counter, it returns 404" file="spec/timesync_spec.py" time="0.000393" /><testcase classname="spec.timesync_spec" name="Timesync, keeper, unsupported method, it returns 405" file="spec/timesync_spec.py" time="0.000338" /><testcase classname="spec.timesync_spec" name="Timesync, keeper, GET, it succeeds" file="spec/timesync_spec.py" time="0.00064" /><testcase classname="spec.timesync_spec" name="Timesync, sources, unsupported method, it returns 405" file="spec/timesync_spec.py" time="0.000355" /><testcase classname="spec.timesync_spec" name="Timesync, sources, POST, it succeeds" file="spec/timesync_spec.py" time="0.005378" /><testcase classname="spec.timesync_spec" name="Timesync, sources, GET, list, it succeeds" file="spec/timesync_spec.py" time="0.00185" /><testcase classname="spec.timesync_spec" name="Timesync, sources, GET, valid source, it succeeds" file="spec/timesync_spec.py" time="0.001915" /><testcase classname="spec.timesync_spec" name="Timesync, sources, GET, non-existent source, it returns 404" file="spec/timesync_spec.py" time="0.001672" /><testcase classname="spec.timesync_spec" name="Timesync, sources, DELETE, valid source, it succeeds" file="spec/timesync_spec.py" time="0.001928" /><testcase classname="spec.timesync_spec" name="Timesync, sources, DELETE, non-existent source, it succeeds" file="spec/timesync_spec.py" time="0.000361" /><testcase classname="spec.timesync_spec" name="Timesync, sources, behavior, only one source allowed, it succeeds" file="spec/timesync_spec.py" time="0.002685" /><testcase classname="spec.timesync_spec" name="Timesync, sources, behavior, keeper acquires source id, ntp, it succeeds" file="spec/timesync_spec.py" time="0.001658" /><testcase classname="spec.timesync_spec" name="Timesync, sources, behavior, keeper acquires source id, system, it succeeds" file="spec/timesync_spec.py" time="0.001296" /><testcase classname="spec.timesync_spec" name="Timesync, sources, behavior, system, can poll, it succeeds" file="spec/timesync_spec.py" time="1.543043" /><testcase classname="spec.tvlp_spec" name="TVLP, REST API, create, succeeds, it code Created" file="spec/tvlp_spec.py" time="0.006492" /><testcase classname="spec.tvlp_spec" name="TVLP, REST API, create, succeeds, it has valid Location header," file="spec/tvlp_spec.py" time="0.003463" /><testcase classname="spec.tvlp_spec" name="TVLP, REST API, create, succeeds, it has a valid tvlp configuration" file="spec/tvlp_spec.py" time="0.003483" /><testcase classname="spec.tvlp_spec" name="TVLP, REST API, create, succeeds, it has a valid block profile" file="spec/tvlp_spec.py" time="0.003457" /><testcase classname="spec.tvlp_spec" name="TVLP, REST API, create, succeeds, it has a valid memory profile" file="spec/tvlp_spec.py" time="0.003505" /><testcase classname="spec.tvlp_spec" name="TVLP, REST API, create, succeeds, it has a valid cpu profile" file="spec/tvlp_spec.py" time="0.003561" /><testcase classname="spec.tvlp_spec" name="TVLP, REST API, create, succeeds, it has a valid packet profile" file="spec/tvlp_spec.py" time="0.00349" /><testcase classname="spec.tvlp_spec" name="TVLP, REST API, create, succeeds, it has a valid network profile" file="spec/tvlp_spec.py" time="0.003528" /><testcase classname="spec.tvlp_spec" name="TVLP, REST API, create, no profile entries, it returns 400" file="spec/tvlp_spec.py" time="0.003965" /><testcase classname="spec.tvlp_spec" name="TVLP, REST API, create, empty resource id, block, it returns 400" file="spec/tvlp_spec.py" time="0.003927" /><testcase classname="spec.tvlp_spec" name="TVLP, REST API, create, empty resource id, packet, it returns 400" file="spec/tvlp_spec.py" time="0.004027" /><testcase classname="spec.tvlp_spec" name="TVLP, REST API, list, it succeeds" file="spec/tvlp_spec.py" time="0.007753" /><testcase classname="spec.tvlp_spec" name="TVLP, REST API, get, by existing id, it succeeds" file="spec/tvlp_spec.py" time="0.007786" /><testcase classname="spec.tvlp_spec" name="TVLP, REST API, get, non-existent configuration, it returns 404" file="spec/tvlp_spec.py" time="0.003866" /><testcase classname="spec.tvlp_spec" name="TVLP, REST API, get, invalid id, it returns 400" file="spec/tvlp_spec.py" time="0.003836" /><testcase classname="spec.tvlp_spec" name="TVLP, REST API, delete, by existing id, it succeeds" file="spec/tvlp_spec.py" time="0.008408" /><testcase classname="spec.tvlp_spec" name="TVLP, REST API, delete, by existing id, non-existent id, it returns 404" file="spec/tvlp_spec.py" time="0.00735" /><testcase classname="spec.tvlp_spec" name="TVLP, REST API, delete, by existing id, invalid id, it returns 400" file="spec/tvlp_spec.py" time="0.00723" /><testcase classname="spec.tvlp_spec" name="TVLP, REST API, start, by existing id, it succeeded" file="spec/tvlp_spec.py" time="0.31827" /><testcase classname="spec.tvlp_spec" name="TVLP, REST API, start, delayed, it succeeded" file="spec/tvlp_spec.py" time="0.617702" /><testcase classname="spec.tvlp_spec" name="TVLP, REST API, start, with dynamic results it succeeded" file="spec/tvlp_spec.py" time="0.324934" /><testcase classname="spec.tvlp_spec" name="TVLP, REST API, start, custom time and load scales, it succeeded" file="spec/tvlp_spec.py" time="0.416631" /><testcase classname="spec.tvlp_spec" name="TVLP, REST API, start, running, it returns 400" file="spec/tvlp_spec.py" time="0.32009" /><testcase classname="spec.tvlp_spec" name="TVLP, REST API, start, non-existent id, it returns 404" file="spec/tvlp_spec.py" time="0.11584" /><testcase classname="spec.tvlp_spec" name="TVLP, REST API, start, invalid id, it returns 400" file="spec/tvlp_spec.py" time="0.116509" /><testcase classname="spec.tvlp_spec" name="TVLP, REST API, stop running, by existing id, it succeeds" file="spec/tvlp_spec.py" time="0.322423" /><testcase classname="spec.tvlp_spec" name="TVLP, REST API, stop running, non-existent id, it returns 404" file="spec/tvlp_spec.py" time="1.142417" /><testcase classname="spec.tvlp_spec" name="TVLP, REST API, stop running, invalid id, it returns 400" file="spec/tvlp_spec.py" time="1.144107" /><testcase classname="spec.tvlp_spec" name="TVLP, REST API, list results, unfiltered, it succeeds" file="spec/tvlp_spec.py" time="1.148348" /><testcase classname="spec.tvlp_spec" name="TVLP, REST API, list results, by id, it succeeds" file="spec/tvlp_spec.py" time="1.145932" /><testcase classname="spec.tvlp_spec" name="TVLP, REST API, list results, non-existent id, it returns 404" file="spec/tvlp_spec.py" time="1.145314" /><testcase classname="spec.tvlp_spec" name="TVLP, REST API, list results, invalid id, it returns 400" file="spec/tvlp_spec.py" time="1.146631" /><testcase classname="spec.tvlp_spec" name="TVLP, REST API, results valid, it has a valid block results" file="spec/tvlp_spec.py" time="0.010103" /><testcase classname="spec.tvlp_spec" name="TVLP, REST API, results valid, it has a valid memory results" file="spec/tvlp_spec.py" time="0.005961" /><testcase classname="spec.tvlp_spec" name="TVLP, REST API, results valid, it has a valid cpu results" file="spec/tvlp_spec.py" time="0.006074" /><testcase classname="spec.tvlp_spec" name="TVLP, REST API, results valid, it has a valid packet results" file="spec/tvlp_spec.py" time="0.005869" /><testcase classname="spec.tvlp_spec" name="TVLP, REST API, results valid, it has a valid network results" file="spec/tvlp_spec.py" time="0.005861" /><testcase classname="spec.tvlp_spec" name="TVLP, REST API, delete results, by id, it succeeds" file="spec/tvlp_spec.py" time="0.318933" /><testcase classname="spec.tvlp_spec" name="TVLP, REST API, delete results, non-existent id, it returns 404" file="spec/tvlp_spec.py" time="0.321293" /><testcase classname="spec.tvlp_spec" name="TVLP, REST API, delete results, invalid id, it returns 400" file="spec/tvlp_spec.py" time="0.32156" /><testcase classname="spec.tvlp_spec" name="TVLP, REST API, start w/ multiple entries, 3 entries 1 sec each, test_multiple_entries it succeeds" file="spec/tvlp_spec.py" time="3.428896" /><testcase classname="spec.tvlp_spec" name="TVLP, REST API, start w/ multiple entries, 50 entries .1 sec each, test_multiple_entries it succeeds" file="spec/tvlp_spec.py" time="10.434323" /></testsuite>